<?xml version="1.0" encoding="UTF-8"?>
<testng-results skipped="0" failed="0" ignored="0" total="1" passed="1">
  <reporter-output>
  </reporter-output>
  <suite name="Default suite" duration-ms="16474" started-at="2020-03-28T23:41:10 IST" finished-at="2020-03-28T23:41:26 IST">
    <groups>
    </groups>
    <test name="Default test" duration-ms="16474" started-at="2020-03-28T23:41:10 IST" finished-at="2020-03-28T23:41:26 IST">
      <class name="locatorsPractice.LocateByID">
        <test-method status="PASS" signature="openchrome()[pri:0, instance:locatorsPractice.LocateByID@396f6598]" name="openchrome" is-config="true" duration-ms="3143" started-at="2020-03-28T23:41:10 IST" finished-at="2020-03-28T23:41:13 IST">
          <reporter-output>
          </reporter-output>
        </test-method> <!-- openchrome -->
        <test-method status="PASS" signature="byID()[pri:0, instance:locatorsPractice.LocateByID@396f6598]" name="byID" duration-ms="13203" started-at="2020-03-28T23:41:13 IST" finished-at="2020-03-28T23:41:26 IST">
          <reporter-output>
          </reporter-output>
        </test-method> <!-- byID -->
        <test-method status="PASS" signature="closechrome()[pri:0, instance:locatorsPractice.LocateByID@396f6598]" name="closechrome" is-config="true" duration-ms="104" started-at="2020-03-28T23:41:26 IST" finished-at="2020-03-28T23:41:26 IST">
          <reporter-output>
          </reporter-output>
        </test-method> <!-- closechrome -->
      </class> <!-- locatorsPractice.LocateByID -->
    </test> <!-- Default test -->
  </suite> <!-- Default suite -->
</testng-results>
